0 info it worked if it ends with ok
1 verbose cli [ 'C:\\Program Files\\nodejs\\node.exe',
1 verbose cli   'C:\\Program Files\\nodejs\\node_modules\\npm\\bin\\npm-cli.js',
1 verbose cli   'run',
1 verbose cli   'server' ]
2 info using npm@4.0.5
3 info using node@v7.4.0
4 verbose run-script [ 'preserver', 'server', 'postserver' ]
5 info lifecycle urlfinder@1.0.0~preserver: urlfinder@1.0.0
6 silly lifecycle urlfinder@1.0.0~preserver: no script for preserver, continuing
7 info lifecycle urlfinder@1.0.0~server: urlfinder@1.0.0
8 verbose lifecycle urlfinder@1.0.0~server: unsafe-perm in lifecycle true
9 verbose lifecycle urlfinder@1.0.0~server: PATH: C:\Program Files\nodejs\node_modules\npm\bin\node-gyp-bin;D:\Projects\URLFinder\urlfinder\node_modules\.bin;C:\ProgramData\Oracle\Java\javapath;C:\Windows\system32;C:\Windows;C:\Windows\System32\Wbem;C:\Windows\System32\WindowsPowerShell\v1.0\;C:\Program Files\TortoiseSVN\bin;C:\Users\3211\AppData\Roaming\npm;C:\Program Files\nodejs;D:\wamp\bin\mysql\mysql5.6.17\bin;D:\wamp\bin\mongodb\mongodb\bin;D:\curl\bin;C:\Users\3211\AppData\Roaming\npm
10 verbose lifecycle urlfinder@1.0.0~server: CWD: D:\Projects\URLFinder\urlfinder
11 silly lifecycle urlfinder@1.0.0~server: Args: [ '/d /s /c', 'node server/index.js' ]
12 silly lifecycle urlfinder@1.0.0~server: Returned: code: 3221225786  signal: null
13 info lifecycle urlfinder@1.0.0~server: Failed to exec server script
14 verbose stack Error: urlfinder@1.0.0 server: `node server/index.js`
14 verbose stack Exit status 3221225786
14 verbose stack     at EventEmitter.<anonymous> (C:\Program Files\nodejs\node_modules\npm\lib\utils\lifecycle.js:279:16)
14 verbose stack     at emitTwo (events.js:106:13)
14 verbose stack     at EventEmitter.emit (events.js:191:7)
14 verbose stack     at ChildProcess.<anonymous> (C:\Program Files\nodejs\node_modules\npm\lib\utils\spawn.js:40:14)
14 verbose stack     at emitTwo (events.js:106:13)
14 verbose stack     at ChildProcess.emit (events.js:191:7)
14 verbose stack     at maybeClose (internal/child_process.js:885:16)
14 verbose stack     at Process.ChildProcess._handle.onexit (internal/child_process.js:226:5)
15 verbose pkgid urlfinder@1.0.0
16 verbose cwd D:\Projects\URLFinder\urlfinder
17 error Windows_NT 6.1.7601
18 error argv "C:\\Program Files\\nodejs\\node.exe" "C:\\Program Files\\nodejs\\node_modules\\npm\\bin\\npm-cli.js" "run" "server"
19 error node v7.4.0
20 error npm  v4.0.5
21 error code ELIFECYCLE
22 error urlfinder@1.0.0 server: `node server/index.js`
22 error Exit status 3221225786
23 error Failed at the urlfinder@1.0.0 server script 'node server/index.js'.
23 error Make sure you have the latest version of node.js and npm installed.
23 error If you do, this is most likely a problem with the urlfinder package,
23 error not with npm itself.
23 error Tell the author that this fails on your system:
23 error     node server/index.js
23 error You can get information on how to open an issue for this project with:
23 error     npm bugs urlfinder
23 error Or if that isn't available, you can get their info via:
23 error     npm owner ls urlfinder
23 error There is likely additional logging output above.
24 verbose exit [ 1, true ]
